<?xml version="1.0" encoding="UTF-8"?>
<!-- Generated by org.testng.reporters.JUnitXMLReporter -->
<testsuite ignored="0" hostname="RajKumar" failures="0" tests="4" name="LoginTest-Chrome" time="24.108" errors="0" timestamp="2024-07-25T21:07:03 IST">
  <testcase classname="com.qa.testCases.LoginPageTestCase_TC1" name="loginTest" time="2.85"/>
  <testcase classname="com.qa.testCases.LoginPageTestCase_TC1" name="loginTest" time="1.752"/>
  <testcase classname="com.qa.testCases.LoginPageTestCase_TC1" name="loginTest" time="3.834"/>
  <testcase classname="com.qa.testCases.RegistrationPageTestCase_TC2" name="registerTest" time="1.443"/>
</testsuite> <!-- LoginTest-Chrome -->
