<?xml version="1.0" encoding="UTF-8"?>
<!-- Generated by org.testng.reporters.JUnitXMLReporter -->
<testsuite ignored="0" hostname="RajKumar" failures="0" tests="4" name="LoginTest" time="14.187" errors="0" timestamp="2024-06-26T07:53:30 IST">
  <testcase classname="com.qa.testCases.LoginPageTestCase_TC1" name="loginTest" time="0.991"/>
  <testcase classname="com.qa.testCases.LoginPageTestCase_TC1" name="loginTest" time="0.783"/>
  <testcase classname="com.qa.testCases.LoginPageTestCase_TC1" name="loginTest" time="0.817"/>
  <testcase classname="com.qa.testCases.RegistrationPageTestCase_TC2" name="registerTest" time="0.775"/>
</testsuite> <!-- LoginTest -->
