<?xml version="1.0" encoding="UTF-8"?>
<testng-results ignored="0" total="4" passed="4" failed="0" skipped="0">
  <reporter-output>
  </reporter-output>
  <suite started-at="2024-07-12T01:34:50 IST" name="ECommerce_Project_ChromeBrowser" finished-at="2024-07-12T01:35:02 IST" duration-ms="12348">
    <groups>
    </groups>
    <test started-at="2024-07-12T01:34:50 IST" name="LoginTest" finished-at="2024-07-12T01:35:02 IST" duration-ms="12348">
      <class name="com.qa.testCases.LoginPageTestCase_TC1">
        <test-method is-config="true" signature="setup(java.lang.String)[pri:0, instance:com.qa.testCases.LoginPageTestCase_TC1@4c15e7fd]" started-at="2024-07-12T01:34:50 IST" name="setup" finished-at="2024-07-12T01:34:55 IST" duration-ms="4975" status="PASS">
          <params>
            <param index="0">
              <value>
                <![CDATA[chrome]]>
              </value>
            </param>
          </params>
          <reporter-output>
          </reporter-output>
        </test-method> <!-- setup -->
        <test-method signature="loginTest(java.lang.String, java.lang.String)[pri:0, instance:com.qa.testCases.LoginPageTestCase_TC1@4c15e7fd]" started-at="2024-07-12T01:34:56 IST" name="loginTest" data-provider="LoginData" finished-at="2024-07-12T01:34:57 IST" duration-ms="811" status="PASS">
          <params>
            <param index="0">
              <value>
                <![CDATA[testemail123@gmail.com]]>
              </value>
            </param>
            <param index="1">
              <value>
                <![CDATA[Test@1]]>
              </value>
            </param>
          </params>
          <reporter-output>
          </reporter-output>
        </test-method> <!-- loginTest -->
        <test-method signature="loginTest(java.lang.String, java.lang.String)[pri:0, instance:com.qa.testCases.LoginPageTestCase_TC1@4c15e7fd]" started-at="2024-07-12T01:34:57 IST" name="loginTest" data-provider="LoginData" finished-at="2024-07-12T01:34:58 IST" duration-ms="732" status="PASS">
          <params>
            <param index="0">
              <value>
                <![CDATA[testemail123@gmail.com]]>
              </value>
            </param>
            <param index="1">
              <value>
                <![CDATA[Test@12]]>
              </value>
            </param>
          </params>
          <reporter-output>
          </reporter-output>
        </test-method> <!-- loginTest -->
        <test-method signature="loginTest(java.lang.String, java.lang.String)[pri:0, instance:com.qa.testCases.LoginPageTestCase_TC1@4c15e7fd]" started-at="2024-07-12T01:34:58 IST" name="loginTest" data-provider="LoginData" finished-at="2024-07-12T01:34:59 IST" duration-ms="686" status="PASS">
          <params>
            <param index="0">
              <value>
                <![CDATA[testemail123@gmail.com]]>
              </value>
            </param>
            <param index="1">
              <value>
                <![CDATA[Test@123]]>
              </value>
            </param>
          </params>
          <reporter-output>
          </reporter-output>
        </test-method> <!-- loginTest -->
        <test-method is-config="true" signature="tearDown()[pri:0, instance:com.qa.testCases.LoginPageTestCase_TC1@4c15e7fd]" started-at="2024-07-12T01:34:59 IST" name="tearDown" finished-at="2024-07-12T01:34:59 IST" duration-ms="110" status="PASS">
          <reporter-output>
          </reporter-output>
        </test-method> <!-- tearDown -->
      </class> <!-- com.qa.testCases.LoginPageTestCase_TC1 -->
      <class name="com.qa.testCases.RegistrationPageTestCase_TC2">
        <test-method is-config="true" signature="setup(java.lang.String)[pri:0, instance:com.qa.testCases.RegistrationPageTestCase_TC2@23986957]" started-at="2024-07-12T01:34:59 IST" name="setup" finished-at="2024-07-12T01:35:01 IST" duration-ms="2499" status="PASS">
          <params>
            <param index="0">
              <value>
                <![CDATA[chrome]]>
              </value>
            </param>
          </params>
          <reporter-output>
          </reporter-output>
        </test-method> <!-- setup -->
        <test-method signature="registerTest()[pri:0, instance:com.qa.testCases.RegistrationPageTestCase_TC2@23986957]" started-at="2024-07-12T01:35:01 IST" name="registerTest" finished-at="2024-07-12T01:35:02 IST" duration-ms="718" status="PASS">
          <reporter-output>
          </reporter-output>
        </test-method> <!-- registerTest -->
        <test-method is-config="true" signature="tearDown()[pri:0, instance:com.qa.testCases.RegistrationPageTestCase_TC2@23986957]" started-at="2024-07-12T01:35:02 IST" name="tearDown" finished-at="2024-07-12T01:35:02 IST" duration-ms="192" status="PASS">
          <reporter-output>
          </reporter-output>
        </test-method> <!-- tearDown -->
      </class> <!-- com.qa.testCases.RegistrationPageTestCase_TC2 -->
    </test> <!-- LoginTest -->
  </suite> <!-- ECommerce_Project_ChromeBrowser -->
</testng-results>
