<?xml version="1.0" encoding="UTF-8"?>
<testng-results ignored="0" total="4" passed="4" failed="0" skipped="0">
  <reporter-output>
  </reporter-output>
  <suite started-at="2024-06-25T23:42:43 IST" name="ECommerce_Project_ChromeBrowser" finished-at="2024-06-25T23:42:58 IST" duration-ms="14623">
    <groups>
    </groups>
    <test started-at="2024-06-25T23:42:43 IST" name="LoginTest" finished-at="2024-06-25T23:42:58 IST" duration-ms="14623">
      <class name="com.qa.testCases.LoginPageTestCase_TC1">
        <test-method is-config="true" signature="setup(java.lang.String)[pri:0, instance:com.qa.testCases.LoginPageTestCase_TC1@4c15e7fd]" started-at="2024-06-25T23:42:44 IST" name="setup" finished-at="2024-06-25T23:42:48 IST" duration-ms="4757" status="PASS">
          <params>
            <param index="0">
              <value>
                <![CDATA[chrome]]>
              </value>
            </param>
          </params>
          <reporter-output>
          </reporter-output>
        </test-method> <!-- setup -->
        <test-method signature="loginTest(java.lang.String, java.lang.String)[pri:0, instance:com.qa.testCases.LoginPageTestCase_TC1@4c15e7fd]" started-at="2024-06-25T23:42:51 IST" name="loginTest" data-provider="LoginData" finished-at="2024-06-25T23:42:52 IST" duration-ms="1074" status="PASS">
          <params>
            <param index="0">
              <value>
                <![CDATA[testemail123@gmail.com]]>
              </value>
            </param>
            <param index="1">
              <value>
                <![CDATA[Test@123]]>
              </value>
            </param>
          </params>
          <reporter-output>
          </reporter-output>
        </test-method> <!-- loginTest -->
        <test-method signature="loginTest(java.lang.String, java.lang.String)[pri:0, instance:com.qa.testCases.LoginPageTestCase_TC1@4c15e7fd]" started-at="2024-06-25T23:42:52 IST" name="loginTest" data-provider="LoginData" finished-at="2024-06-25T23:42:53 IST" duration-ms="1012" status="PASS">
          <params>
            <param index="0">
              <value>
                <![CDATA[testemail123@gmail.com]]>
              </value>
            </param>
            <param index="1">
              <value>
                <![CDATA[Test@123]]>
              </value>
            </param>
          </params>
          <reporter-output>
          </reporter-output>
        </test-method> <!-- loginTest -->
        <test-method signature="loginTest(java.lang.String, java.lang.String)[pri:0, instance:com.qa.testCases.LoginPageTestCase_TC1@4c15e7fd]" started-at="2024-06-25T23:42:53 IST" name="loginTest" data-provider="LoginData" finished-at="2024-06-25T23:42:54 IST" duration-ms="945" status="PASS">
          <params>
            <param index="0">
              <value>
                <![CDATA[testemail123@gmail.com]]>
              </value>
            </param>
            <param index="1">
              <value>
                <![CDATA[Test@123]]>
              </value>
            </param>
          </params>
          <reporter-output>
          </reporter-output>
        </test-method> <!-- loginTest -->
        <test-method is-config="true" signature="tearDown()[pri:0, instance:com.qa.testCases.LoginPageTestCase_TC1@4c15e7fd]" started-at="2024-06-25T23:42:54 IST" name="tearDown" finished-at="2024-06-25T23:42:54 IST" duration-ms="148" status="PASS">
          <reporter-output>
          </reporter-output>
        </test-method> <!-- tearDown -->
      </class> <!-- com.qa.testCases.LoginPageTestCase_TC1 -->
      <class name="com.qa.testCases.RegistrationPageTestCase_TC2">
        <test-method is-config="true" signature="setup(java.lang.String)[pri:0, instance:com.qa.testCases.RegistrationPageTestCase_TC2@23986957]" started-at="2024-06-25T23:42:54 IST" name="setup" finished-at="2024-06-25T23:42:57 IST" duration-ms="2959" status="PASS">
          <params>
            <param index="0">
              <value>
                <![CDATA[chrome]]>
              </value>
            </param>
          </params>
          <reporter-output>
          </reporter-output>
        </test-method> <!-- setup -->
        <test-method signature="registerTest()[pri:0, instance:com.qa.testCases.RegistrationPageTestCase_TC2@23986957]" started-at="2024-06-25T23:42:57 IST" name="registerTest" finished-at="2024-06-25T23:42:58 IST" duration-ms="967" status="PASS">
          <reporter-output>
          </reporter-output>
        </test-method> <!-- registerTest -->
        <test-method is-config="true" signature="tearDown()[pri:0, instance:com.qa.testCases.RegistrationPageTestCase_TC2@23986957]" started-at="2024-06-25T23:42:58 IST" name="tearDown" finished-at="2024-06-25T23:42:58 IST" duration-ms="273" status="PASS">
          <reporter-output>
          </reporter-output>
        </test-method> <!-- tearDown -->
      </class> <!-- com.qa.testCases.RegistrationPageTestCase_TC2 -->
    </test> <!-- LoginTest -->
  </suite> <!-- ECommerce_Project_ChromeBrowser -->
</testng-results>
