<?xml version="1.0" encoding="UTF-8"?>
<testng-results ignored="0" total="4" passed="4" failed="0" skipped="0">
  <reporter-output>
  </reporter-output>
  <suite started-at="2024-06-26T07:53:16 IST" name="ECommerce_Project_ChromeBrowser" finished-at="2024-06-26T07:53:30 IST" duration-ms="14187">
    <groups>
    </groups>
    <test started-at="2024-06-26T07:53:16 IST" name="LoginTest" finished-at="2024-06-26T07:53:30 IST" duration-ms="14187">
      <class name="com.qa.testCases.LoginPageTestCase_TC1">
        <test-method is-config="true" signature="setup(java.lang.String)[pri:0, instance:com.qa.testCases.LoginPageTestCase_TC1@7188af83]" started-at="2024-06-26T07:53:16 IST" name="setup" finished-at="2024-06-26T07:53:22 IST" duration-ms="5695" status="PASS">
          <params>
            <param index="0">
              <value>
                <![CDATA[chrome]]>
              </value>
            </param>
          </params>
          <reporter-output>
          </reporter-output>
        </test-method> <!-- setup -->
        <test-method signature="loginTest(java.lang.String,java.lang.String)[pri:0, instance:com.qa.testCases.LoginPageTestCase_TC1@7188af83]" started-at="2024-06-26T07:53:23 IST" name="loginTest" data-provider="LoginData" finished-at="2024-06-26T07:53:24 IST" duration-ms="991" status="PASS">
          <params>
            <param index="0">
              <value>
                <![CDATA[testemail123@gmail.com]]>
              </value>
            </param>
            <param index="1">
              <value>
                <![CDATA[Test@123]]>
              </value>
            </param>
          </params>
          <reporter-output>
          </reporter-output>
        </test-method> <!-- loginTest -->
        <test-method signature="loginTest(java.lang.String,java.lang.String)[pri:0, instance:com.qa.testCases.LoginPageTestCase_TC1@7188af83]" started-at="2024-06-26T07:53:24 IST" name="loginTest" data-provider="LoginData" finished-at="2024-06-26T07:53:25 IST" duration-ms="783" status="PASS">
          <params>
            <param index="0">
              <value>
                <![CDATA[testemail123@gmail.com]]>
              </value>
            </param>
            <param index="1">
              <value>
                <![CDATA[Test@123]]>
              </value>
            </param>
          </params>
          <reporter-output>
          </reporter-output>
        </test-method> <!-- loginTest -->
        <test-method signature="loginTest(java.lang.String,java.lang.String)[pri:0, instance:com.qa.testCases.LoginPageTestCase_TC1@7188af83]" started-at="2024-06-26T07:53:25 IST" name="loginTest" data-provider="LoginData" finished-at="2024-06-26T07:53:26 IST" duration-ms="817" status="PASS">
          <params>
            <param index="0">
              <value>
                <![CDATA[testemail123@gmail.com]]>
              </value>
            </param>
            <param index="1">
              <value>
                <![CDATA[Test@123]]>
              </value>
            </param>
          </params>
          <reporter-output>
          </reporter-output>
        </test-method> <!-- loginTest -->
        <test-method is-config="true" signature="tearDown()[pri:0, instance:com.qa.testCases.LoginPageTestCase_TC1@7188af83]" started-at="2024-06-26T07:53:26 IST" name="tearDown" finished-at="2024-06-26T07:53:26 IST" duration-ms="252" status="PASS">
          <reporter-output>
          </reporter-output>
        </test-method> <!-- tearDown -->
      </class> <!-- com.qa.testCases.LoginPageTestCase_TC1 -->
      <class name="com.qa.testCases.RegistrationPageTestCase_TC2">
        <test-method is-config="true" signature="setup(java.lang.String)[pri:0, instance:com.qa.testCases.RegistrationPageTestCase_TC2@17fc391b]" started-at="2024-06-26T07:53:26 IST" name="setup" finished-at="2024-06-26T07:53:29 IST" duration-ms="2841" status="PASS">
          <params>
            <param index="0">
              <value>
                <![CDATA[chrome]]>
              </value>
            </param>
          </params>
          <reporter-output>
          </reporter-output>
        </test-method> <!-- setup -->
        <test-method signature="registerTest()[pri:0, instance:com.qa.testCases.RegistrationPageTestCase_TC2@17fc391b]" started-at="2024-06-26T07:53:29 IST" name="registerTest" finished-at="2024-06-26T07:53:30 IST" duration-ms="775" status="PASS">
          <reporter-output>
          </reporter-output>
        </test-method> <!-- registerTest -->
        <test-method is-config="true" signature="tearDown()[pri:0, instance:com.qa.testCases.RegistrationPageTestCase_TC2@17fc391b]" started-at="2024-06-26T07:53:30 IST" name="tearDown" finished-at="2024-06-26T07:53:30 IST" duration-ms="194" status="PASS">
          <reporter-output>
          </reporter-output>
        </test-method> <!-- tearDown -->
      </class> <!-- com.qa.testCases.RegistrationPageTestCase_TC2 -->
    </test> <!-- LoginTest -->
  </suite> <!-- ECommerce_Project_ChromeBrowser -->
</testng-results>
