<?xml version="1.0" encoding="UTF-8"?>
<!-- Generated by org.testng.reporters.JUnitXMLReporter -->
<testsuite ignored="0" hostname="RajKumar" failures="0" tests="3" name="LoginTest" time="8.204" errors="0" timestamp="2024-06-25T08:33:37 IST">
  <testcase classname="com.qa.testCases.LoginPageTestCase_TC1" name="loginTest" time="0.925"/>
  <testcase classname="com.qa.testCases.LoginPageTestCase_TC1" name="loginTest" time="0.754"/>
  <testcase classname="com.qa.testCases.LoginPageTestCase_TC1" name="loginTest" time="0.822"/>
</testsuite> <!-- LoginTest -->
