<?xml version="1.0" encoding="UTF-8"?>
<!-- Generated by org.testng.reporters.JUnitXMLReporter -->
<testsuite ignored="0" hostname="RajKumar" failures="0" tests="4" name="LoginTest-Chrome" time="15.295" errors="0" timestamp="2024-06-25T23:29:55 IST">
  <testcase classname="com.qa.testCases.LoginPageTestCase_TC1" name="loginTest" time="1.256"/>
  <testcase classname="com.qa.testCases.LoginPageTestCase_TC1" name="loginTest" time="1.381"/>
  <testcase classname="com.qa.testCases.LoginPageTestCase_TC1" name="loginTest" time="1.303"/>
  <testcase classname="com.qa.testCases.RegistrationPageTestCase_TC2" name="registerTest" time="1.003"/>
</testsuite> <!-- LoginTest-Chrome -->
