<?xml version="1.0" encoding="UTF-8"?>
<!-- Generated by org.testng.reporters.JUnitXMLReporter -->
<testsuite ignored="0" hostname="RajKumar" failures="0" tests="4" name="LoginTest" time="14.75" errors="0" timestamp="2024-06-25T23:16:41 IST">
  <testcase classname="com.qa.testCases.LoginPageTestCase_TC1" name="loginTest" time="1.276"/>
  <testcase classname="com.qa.testCases.LoginPageTestCase_TC1" name="loginTest" time="1.065"/>
  <testcase classname="com.qa.testCases.LoginPageTestCase_TC1" name="loginTest" time="1.449"/>
  <testcase classname="com.qa.testCases.RegistrationPageTestCase_TC2" name="registerTest" time="1.039"/>
</testsuite> <!-- LoginTest -->
